==11393== Memcheck, a memory error detector
==11393== Copyright (C) 2002-2013, and GNU GPL'd, by Julian Seward et al.
==11393== Using Valgrind-3.9.0 and LibVEX; rerun with -h for copyright info
==11393== Command: ./spellchk -n -d user.dict test3.in
==11393== 
==11393== Conditional jump or move depends on uninitialised value(s)
==11393==    at 0x40172A: put_hashset (hashset.c:101)
==11393==    by 0x401FFD: load_dictionary (spellchk.c:83)
==11393==    by 0x4021BD: main (spellchk.c:133)
==11393== 
==11393== Conditional jump or move depends on uninitialised value(s)
==11393==    at 0x401574: array_double (hashset.c:59)
==11393==    by 0x4015FE: put_hashset (hashset.c:88)
==11393==    by 0x401FFD: load_dictionary (spellchk.c:83)
==11393==    by 0x4021BD: main (spellchk.c:133)
==11393== 
==11393== Invalid write of size 1
==11393==    at 0x4A080BF: strcpy (in /opt/rh/devtoolset-2/root/usr/lib64/valgrind/vgpreload_memcheck-amd64-linux.so)
==11393==    by 0x401E2F: spellcheck (spellchk.c:51)
==11393==    by 0x4022F5: main (spellchk.c:150)
==11393==  Address 0x4c31533 is 0 bytes after a block of size 3 alloc'd
==11393==    at 0x4A06AAA: malloc (in /opt/rh/devtoolset-2/root/usr/lib64/valgrind/vgpreload_memcheck-amd64-linux.so)
==11393==    by 0x401E15: spellcheck (spellchk.c:50)
==11393==    by 0x4022F5: main (spellchk.c:150)
==11393== 
==11393== Invalid read of size 1
==11393==    at 0x401E78: spellcheck (spellchk.c:53)
==11393==    by 0x4022F5: main (spellchk.c:150)
==11393==  Address 0x4c31533 is 0 bytes after a block of size 3 alloc'd
==11393==    at 0x4A06AAA: malloc (in /opt/rh/devtoolset-2/root/usr/lib64/valgrind/vgpreload_memcheck-amd64-linux.so)
==11393==    by 0x401E15: spellcheck (spellchk.c:50)
==11393==    by 0x4022F5: main (spellchk.c:150)
==11393== 
==11393== Invalid read of size 1
==11393==    at 0x401BFC: strhash (strhash.c:12)
==11393==    by 0x4017CC: has_hashset (hashset.c:121)
==11393==    by 0x401E91: spellcheck (spellchk.c:57)
==11393==    by 0x4022F5: main (spellchk.c:150)
==11393==  Address 0x4c31533 is 0 bytes after a block of size 3 alloc'd
==11393==    at 0x4A06AAA: malloc (in /opt/rh/devtoolset-2/root/usr/lib64/valgrind/vgpreload_memcheck-amd64-linux.so)
==11393==    by 0x401E15: spellcheck (spellchk.c:50)
==11393==    by 0x4022F5: main (spellchk.c:150)
==11393== 
==11393== Conditional jump or move depends on uninitialised value(s)
==11393==    at 0x401841: has_hashset (hashset.c:125)
==11393==    by 0x401E91: spellcheck (spellchk.c:57)
==11393==    by 0x4022F5: main (spellchk.c:150)
==11393== 
==11393== Conditional jump or move depends on uninitialised value(s)
==11393==    at 0x401841: has_hashset (hashset.c:125)
==11393==    by 0x401DF3: spellcheck (spellchk.c:49)
==11393==    by 0x4022F5: main (spellchk.c:150)
==11393== 
==11393== Invalid read of size 1
==11393==    at 0x4A085AB: strcmp (in /opt/rh/devtoolset-2/root/usr/lib64/valgrind/vgpreload_memcheck-amd64-linux.so)
==11393==    by 0x40181F: has_hashset (hashset.c:126)
==11393==    by 0x401E91: spellcheck (spellchk.c:57)
==11393==    by 0x4022F5: main (spellchk.c:150)
==11393==  Address 0x4c328e3 is 0 bytes after a block of size 3 alloc'd
==11393==    at 0x4A06AAA: malloc (in /opt/rh/devtoolset-2/root/usr/lib64/valgrind/vgpreload_memcheck-amd64-linux.so)
==11393==    by 0x401E15: spellcheck (spellchk.c:50)
==11393==    by 0x4022F5: main (spellchk.c:150)
==11393== 
End of load_dictionary
test3.in: 3: Eye
test3.in: 3: halve
test3.in: 3: a
test3.in: 4: It
test3.in: 4: came
test3.in: 4: with
test3.in: 4: my
test3.in: 4: pea
test3.in: 4: sea
test3.in: 5: It
test3.in: 5: four
test3.in: 5: my
test3.in: 6: Miss
test3.in: 6: eye
test3.in: 6: kin
test3.in: 6: knot
test3.in: 6: sea
test3.in: 8: Eye
test3.in: 8: strike
test3.in: 8: a
test3.in: 8: quay
test3.in: 8: and
test3.in: 8: type
test3.in: 8: a
test3.in: 8: word
test3.in: 9: And
test3.in: 9: weight
test3.in: 9: four
test3.in: 9: it
test3.in: 9: two
test3.in: 9: say
test3.in: 10: Weather
test3.in: 10: eye
test3.in: 10: am
test3.in: 10: wrong
test3.in: 10: oar
test3.in: 10: rite
test3.in: 11: It
test3.in: 11: me
test3.in: 11: strait
test3.in: 11: a
test3.in: 11: weigh
test3.in: 13: As
test3.in: 13: soon
test3.in: 13: as
test3.in: 13: a
test3.in: 13: mist
test3.in: 13: ache
test3.in: 13: is
test3.in: 13: maid
test3.in: 14: It
test3.in: 14: nose
test3.in: 14: bee
test3.in: 14: fore
test3.in: 14: two
test3.in: 14: long
test3.in: 15: And
test3.in: 15: eye
test3.in: 15: can
test3.in: 15: put
test3.in: 15: the
test3.in: 15: error
test3.in: 15: rite
test3.in: 16: rare
test3.in: 16: lea
test3.in: 16: wrong
test3.in: 18: Eye
test3.in: 18: have
test3.in: 18: run
test3.in: 18: this
test3.in: 18: poem
test3.in: 18: threw
test3.in: 18: it
test3.in: 19: Eye
test3.in: 19: am
test3.in: 19: shore
test3.in: 19: your
test3.in: 19: two
test3.in: 19: no
test3.in: 20: perfect
test3.in: 20: all
test3.in: 20: the
test3.in: 20: weigh
test3.in: 21: My
test3.in: 21: me
test3.in: 21: sew
test3.in: 23: This
test3.in: 23: word
test3.in: 23: is
test3.in: 23: but
test3.in: 23: in
test3.in: 23: the
test3.in: 24: v
==11393== 
==11393== HEAP SUMMARY:
==11393==     in use at exit: 3,517 bytes in 174 blocks
==11393==   total heap usage: 178 allocs, 4 frees, 20,543 bytes allocated
==11393== 
==11393== 80 (32 direct, 48 indirect) bytes in 2 blocks are definitely lost in loss record 3 of 15
==11393==    at 0x4A06AAA: malloc (in /opt/rh/devtoolset-2/root/usr/lib64/valgrind/vgpreload_memcheck-amd64-linux.so)
==11393==    by 0x4014CF: array_double (hashset.c:69)
==11393==    by 0x4015FE: put_hashset (hashset.c:88)
==11393==    by 0x401FFD: load_dictionary (spellchk.c:83)
==11393==    by 0x4021BD: main (spellchk.c:133)
==11393== 
==11393== 80 (64 direct, 16 indirect) bytes in 4 blocks are definitely lost in loss record 4 of 15
==11393==    at 0x4A06AAA: malloc (in /opt/rh/devtoolset-2/root/usr/lib64/valgrind/vgpreload_memcheck-amd64-linux.so)
==11393==    by 0x40148F: array_double (hashset.c:64)
==11393==    by 0x4015FE: put_hashset (hashset.c:88)
==11393==    by 0x401FFD: load_dictionary (spellchk.c:83)
==11393==    by 0x4021BD: main (spellchk.c:133)
==11393== 
==11393== 120 bytes in 1 blocks are definitely lost in loss record 6 of 15
==11393==    at 0x4A06AAA: malloc (in /opt/rh/devtoolset-2/root/usr/lib64/valgrind/vgpreload_memcheck-amd64-linux.so)
==11393==    by 0x401227: new_hashset (hashset.c:32)
==11393==    by 0x402165: main (spellchk.c:125)
==11393== 
==11393== 224 (192 direct, 32 indirect) bytes in 12 blocks are definitely lost in loss record 9 of 15
==11393==    at 0x4A06AAA: malloc (in /opt/rh/devtoolset-2/root/usr/lib64/valgrind/vgpreload_memcheck-amd64-linux.so)
==11393==    by 0x40165E: put_hashset (hashset.c:93)
==11393==    by 0x401FFD: load_dictionary (spellchk.c:83)
==11393==    by 0x4021BD: main (spellchk.c:133)
==11393== 
==11393== 248 bytes in 1 blocks are definitely lost in loss record 10 of 15
==11393==    at 0x4A06AAA: malloc (in /opt/rh/devtoolset-2/root/usr/lib64/valgrind/vgpreload_memcheck-amd64-linux.so)
==11393==    by 0x401387: array_double (hashset.c:49)
==11393==    by 0x4015FE: put_hashset (hashset.c:88)
==11393==    by 0x401FFD: load_dictionary (spellchk.c:83)
==11393==    by 0x4021BD: main (spellchk.c:133)
==11393== 
==11393== 312 bytes in 95 blocks are definitely lost in loss record 11 of 15
==11393==    at 0x4A06AAA: malloc (in /opt/rh/devtoolset-2/root/usr/lib64/valgrind/vgpreload_memcheck-amd64-linux.so)
==11393==    by 0x401E15: spellcheck (spellchk.c:50)
==11393==    by 0x4022F5: main (spellchk.c:150)
==11393== 
==11393== 752 bytes in 2 blocks are definitely lost in loss record 14 of 15
==11393==    at 0x4A06AAA: malloc (in /opt/rh/devtoolset-2/root/usr/lib64/valgrind/vgpreload_memcheck-amd64-linux.so)
==11393==    by 0x401598: array_double (hashset.c:79)
==11393==    by 0x4015FE: put_hashset (hashset.c:88)
==11393==    by 0x401FFD: load_dictionary (spellchk.c:83)
==11393==    by 0x4021BD: main (spellchk.c:133)
==11393== 
==11393== 1,133 (24 direct, 1,109 indirect) bytes in 1 blocks are definitely lost in loss record 15 of 15
==11393==    at 0x4A06AAA: malloc (in /opt/rh/devtoolset-2/root/usr/lib64/valgrind/vgpreload_memcheck-amd64-linux.so)
==11393==    by 0x4011D1: new_hashset (hashset.c:27)
==11393==    by 0x402165: main (spellchk.c:125)
==11393== 
==11393== LEAK SUMMARY:
==11393==    definitely lost: 1,744 bytes in 118 blocks
==11393==    indirectly lost: 1,205 bytes in 55 blocks
==11393==      possibly lost: 0 bytes in 0 blocks
==11393==    still reachable: 568 bytes in 1 blocks
==11393==         suppressed: 0 bytes in 0 blocks
==11393== Reachable blocks (those to which a pointer was found) are not shown.
==11393== To see them, rerun with: --leak-check=full --show-leak-kinds=all
==11393== 
==11393== For counts of detected and suppressed errors, rerun with: -v
==11393== Use --track-origins=yes to see where uninitialised values come from
==11393== ERROR SUMMARY: 368 errors from 16 contexts (suppressed: 6 from 6)
