0 [1] 66
1 [1] 21
1.8 [1] 1
17:10:32-07 [1] 1
2013-10-16 [1] 1
Entry [1] 34
FIXME [2] 29 37
File [1] 55
For [1] 48
IOException [1] 58
Id [1] 1
Integer [1] 40
Main [1] 64
Matcher [1] 24
PATTERN [1] 15
PATTERN.matcher [1] 24
Pattern [1] 15
Pattern.compile [1] 15
REGEX [2] 14 15
STDIN_FILENAME [3] 13 51 67
STUB [1] 35
Scanner [4] 17 52 55 55
String [9] 13 14 17 22 27 34 50 65 69
System.in [1] 52
a [1] 25
and [1] 49
args [2] 65 69
args.length [1] 66
arguments [1] 64
catch [1] 58
class [1] 12
cross [2] 48 64
d [2] 38 41
each [2] 29 48
element [1] 33
else [2] 53 68
entry [2] 34 35
entry.getKey [2] 36 39
entry.getValue [3] 36 39 40
error [1] 58
error.getMessage [1] 59
every [2] 20 33
exit [1] 73
file [5] 17 20 48 55 56
file.close [1] 57
file.hasNextLine [1] 21
file.nextLine [1] 22
filename [11] 17 18 18 23 48 50 52 55 56 69 70
filename.equals [1] 51
files [1] 64
final [3] 13 14 15
for [4] 21 34 40 69
function [1] 64
getcount [1] 39
if [2] 51 66
import [8] 3 4 5 6 7 8 9 10
in [1] 29
int [1] 21
intqueue [1] 34
it [1] 48
java.io [1] 3
java.lang.System [1] 10
java.util.Iterator [1] 4
java.util.Map.Entry [1] 5
java.util.NoSuchElementException [1] 6
java.util.Scanner [1] 7
java.util.regex.Matcher [1] 8
java.util.regex.Pattern [1] 9
jxref [1] 12
jxref.java [1] 1
line [5] 20 22 23 24 25
lineNum [2] 40 41
linenr [4] 21 21 23 30
listmap [2] 19 19
loops [2] 20 25
main [1] 65
map [5] 19 29 33 34 37
map.insert [1] 30
match [2] 24 29
match.find [1] 26
match.group [1] 27
misc.exit_status [1] 73
misc.trace [4] 18 23 28 35
misc.warn [1] 59
n [1] 43
new [4] 19 52 55 55
of [2] 20 33
open [1] 48
ordered [1] 37
out [1] 37
out.printf [3] 38 41 43
print [2] 37 49
private [5] 13 14 15 17 50
public [1] 65
reference [2] 48 64
runs [1] 33
s [1] 38
scans [1] 64
static [7] 10 13 14 15 17 50 65
store [1] 29
the [4] 20 33 37 48
through [3] 20 25 33
to [1] 64
try [1] 54
v [1] 1
void [3] 17 50 65
w [2] 14 14
while [1] 26
within [1] 25
word [5] 27 28 28 29 30
words [1] 25
xref_file [3] 17 52 56
xref_filename [3] 50 67 70
