Spanish: 2015 enero  1 => jueves (5).
Spanish: 2015 enero  2 => viernes (6).
Spanish: 2015 enero  3 => sábado (7).
Spanish: 2015 enero  4 => domingo (1).
Spanish: 2015 enero  5 => lunes (2).
Spanish: 2015 enero  6 => martes (3).
Spanish: 2015 enero  7 => miércoles (4).
Spanish: 2015 enero  8 => jueves (5).
Spanish: 2015 enero  9 => viernes (6).
Spanish: 2015 enero 10 => sábado (7).
Spanish: 2015 enero 11 => domingo (1).
Spanish: 2015 enero 12 => lunes (2).
Spanish: 2015 enero 13 => martes (3).
Spanish: 2015 enero 14 => miércoles (4).
Spanish: 2015 enero 15 => jueves (5).
Spanish: 2015 enero 16 => viernes (6).
Spanish: 2015 enero 17 => sábado (7).
Spanish: 2015 enero 18 => domingo (1).
Spanish: 2015 enero 19 => lunes (2).
Spanish: 2015 enero 20 => martes (3).
Spanish: 2015 enero 21 => miércoles (4).
Spanish: 2015 enero 22 => jueves (5).
Spanish: 2015 enero 23 => viernes (6).
Spanish: 2015 enero 24 => sábado (7).
Spanish: 2015 enero 25 => domingo (1).
Spanish: 2015 enero 26 => lunes (2).
Spanish: 2015 enero 27 => martes (3).
Spanish: 2015 enero 28 => miércoles (4).
Spanish: 2015 enero 29 => jueves (5).
Spanish: 2015 enero 30 => viernes (6).
Spanish: 2015 enero 31 => sábado (7).
