German: 2015 Januar  1 => Donnerstag (5).
German: 2015 Januar  2 => Freitag (6).
German: 2015 Januar  3 => Samstag (7).
German: 2015 Januar  4 => Sonntag (1).
German: 2015 Januar  5 => Montag (2).
German: 2015 Januar  6 => Dienstag (3).
German: 2015 Januar  7 => Mittwoch (4).
German: 2015 Januar  8 => Donnerstag (5).
German: 2015 Januar  9 => Freitag (6).
German: 2015 Januar 10 => Samstag (7).
German: 2015 Januar 11 => Sonntag (1).
German: 2015 Januar 12 => Montag (2).
German: 2015 Januar 13 => Dienstag (3).
German: 2015 Januar 14 => Mittwoch (4).
German: 2015 Januar 15 => Donnerstag (5).
German: 2015 Januar 16 => Freitag (6).
German: 2015 Januar 17 => Samstag (7).
German: 2015 Januar 18 => Sonntag (1).
German: 2015 Januar 19 => Montag (2).
German: 2015 Januar 20 => Dienstag (3).
German: 2015 Januar 21 => Mittwoch (4).
German: 2015 Januar 22 => Donnerstag (5).
German: 2015 Januar 23 => Freitag (6).
German: 2015 Januar 24 => Samstag (7).
German: 2015 Januar 25 => Sonntag (1).
German: 2015 Januar 26 => Montag (2).
German: 2015 Januar 27 => Dienstag (3).
German: 2015 Januar 28 => Mittwoch (4).
German: 2015 Januar 29 => Donnerstag (5).
German: 2015 Januar 30 => Freitag (6).
German: 2015 Januar 31 => Samstag (7).
