French: 2015 janvier  1 => jeudi (5).
French: 2015 janvier  2 => vendredi (6).
French: 2015 janvier  3 => samedi (7).
French: 2015 janvier  4 => dimanche (1).
French: 2015 janvier  5 => lundi (2).
French: 2015 janvier  6 => mardi (3).
French: 2015 janvier  7 => mercredi (4).
French: 2015 janvier  8 => jeudi (5).
French: 2015 janvier  9 => vendredi (6).
French: 2015 janvier 10 => samedi (7).
French: 2015 janvier 11 => dimanche (1).
French: 2015 janvier 12 => lundi (2).
French: 2015 janvier 13 => mardi (3).
French: 2015 janvier 14 => mercredi (4).
French: 2015 janvier 15 => jeudi (5).
French: 2015 janvier 16 => vendredi (6).
French: 2015 janvier 17 => samedi (7).
French: 2015 janvier 18 => dimanche (1).
French: 2015 janvier 19 => lundi (2).
French: 2015 janvier 20 => mardi (3).
French: 2015 janvier 21 => mercredi (4).
French: 2015 janvier 22 => jeudi (5).
French: 2015 janvier 23 => vendredi (6).
French: 2015 janvier 24 => samedi (7).
French: 2015 janvier 25 => dimanche (1).
French: 2015 janvier 26 => lundi (2).
French: 2015 janvier 27 => mardi (3).
French: 2015 janvier 28 => mercredi (4).
French: 2015 janvier 29 => jeudi (5).
French: 2015 janvier 30 => vendredi (6).
French: 2015 janvier 31 => samedi (7).
