English: 2015 January  1 => Thursday (5).
English: 2015 January  2 => Friday (6).
English: 2015 January  3 => Saturday (7).
English: 2015 January  4 => Sunday (1).
English: 2015 January  5 => Monday (2).
English: 2015 January  6 => Tuesday (3).
English: 2015 January  7 => Wednesday (4).
English: 2015 January  8 => Thursday (5).
English: 2015 January  9 => Friday (6).
English: 2015 January 10 => Saturday (7).
English: 2015 January 11 => Sunday (1).
English: 2015 January 12 => Monday (2).
English: 2015 January 13 => Tuesday (3).
English: 2015 January 14 => Wednesday (4).
English: 2015 January 15 => Thursday (5).
English: 2015 January 16 => Friday (6).
English: 2015 January 17 => Saturday (7).
English: 2015 January 18 => Sunday (1).
English: 2015 January 19 => Monday (2).
English: 2015 January 20 => Tuesday (3).
English: 2015 January 21 => Wednesday (4).
English: 2015 January 22 => Thursday (5).
English: 2015 January 23 => Friday (6).
English: 2015 January 24 => Saturday (7).
English: 2015 January 25 => Sunday (1).
English: 2015 January 26 => Monday (2).
English: 2015 January 27 => Tuesday (3).
English: 2015 January 28 => Wednesday (4).
English: 2015 January 29 => Thursday (5).
English: 2015 January 30 => Friday (6).
English: 2015 January 31 => Saturday (7).
