########################################################################
[] English (United States) (English (United States)): day 1 = Sunday (Su)
[] English (United States) (English (United States)): day 2 = Monday (Mo)
[] English (United States) (English (United States)): day 3 = Tuesday (Tu)
[] English (United States) (English (United States)): day 4 = Wednesday (We)
[] English (United States) (English (United States)): day 5 = Thursday (Th)
[] English (United States) (English (United States)): day 6 = Friday (Fr)
[] English (United States) (English (United States)): day 7 = Saturday (Sa)
[] English (United States) (English (United States)): month 01 = January (Jan)
[] English (United States) (English (United States)): month 02 = February (Feb)
[] English (United States) (English (United States)): month 03 = March (Mar)
[] English (United States) (English (United States)): month 04 = April (Apr)
[] English (United States) (English (United States)): month 05 = May (May)
[] English (United States) (English (United States)): month 06 = June (Jun)
[] English (United States) (English (United States)): month 07 = July (Jul)
[] English (United States) (English (United States)): month 08 = August (Aug)
[] English (United States) (English (United States)): month 09 = September (Sep)
[] English (United States) (English (United States)): month 10 = October (Oct)
[] English (United States) (English (United States)): month 11 = November (Nov)
[] English (United States) (English (United States)): month 12 = December (Dec)
########################################################################
[da] Danish (Dansk): day 1 = søndag (sø)
[da] Danish (Dansk): day 2 = mandag (ma)
[da] Danish (Dansk): day 3 = tirsdag (ti)
[da] Danish (Dansk): day 4 = onsdag (on)
[da] Danish (Dansk): day 5 = torsdag (to)
[da] Danish (Dansk): day 6 = fredag (fr)
[da] Danish (Dansk): day 7 = lørdag (lø)
[da] Danish (Dansk): month 01 = januar (jan)
[da] Danish (Dansk): month 02 = februar (feb)
[da] Danish (Dansk): month 03 = marts (mar)
[da] Danish (Dansk): month 04 = april (apr)
[da] Danish (Dansk): month 05 = maj (maj)
[da] Danish (Dansk): month 06 = juni (jun)
[da] Danish (Dansk): month 07 = juli (jul)
[da] Danish (Dansk): month 08 = august (aug)
[da] Danish (Dansk): month 09 = september (sep)
[da] Danish (Dansk): month 10 = oktober (okt)
[da] Danish (Dansk): month 11 = november (nov)
[da] Danish (Dansk): month 12 = december (dec)
########################################################################
[en] English (English): day 1 = Sunday (Su)
[en] English (English): day 2 = Monday (Mo)
[en] English (English): day 3 = Tuesday (Tu)
[en] English (English): day 4 = Wednesday (We)
[en] English (English): day 5 = Thursday (Th)
[en] English (English): day 6 = Friday (Fr)
[en] English (English): day 7 = Saturday (Sa)
[en] English (English): month 01 = January (Jan)
[en] English (English): month 02 = February (Feb)
[en] English (English): month 03 = March (Mar)
[en] English (English): month 04 = April (Apr)
[en] English (English): month 05 = May (May)
[en] English (English): month 06 = June (Jun)
[en] English (English): month 07 = July (Jul)
[en] English (English): month 08 = August (Aug)
[en] English (English): month 09 = September (Sep)
[en] English (English): month 10 = October (Oct)
[en] English (English): month 11 = November (Nov)
[en] English (English): month 12 = December (Dec)
########################################################################
[es] Spanish (español): day 1 = domingo (do)
[es] Spanish (español): day 2 = lunes (lu)
[es] Spanish (español): day 3 = martes (ma)
[es] Spanish (español): day 4 = miércoles (mi)
[es] Spanish (español): day 5 = jueves (ju)
[es] Spanish (español): day 6 = viernes (vi)
[es] Spanish (español): day 7 = sábado (sá)
[es] Spanish (español): month 01 = enero (ene)
[es] Spanish (español): month 02 = febrero (feb)
[es] Spanish (español): month 03 = marzo (mar)
[es] Spanish (español): month 04 = abril (abr)
[es] Spanish (español): month 05 = mayo (may)
[es] Spanish (español): month 06 = junio (jun)
[es] Spanish (español): month 07 = julio (jul)
[es] Spanish (español): month 08 = agosto (ago)
[es] Spanish (español): month 09 = septiembre (sep)
[es] Spanish (español): month 10 = octubre (oct)
[es] Spanish (español): month 11 = noviembre (nov)
[es] Spanish (español): month 12 = diciembre (dic)
########################################################################
[fr] French (français): day 1 = dimanche (di)
[fr] French (français): day 2 = lundi (lu)
[fr] French (français): day 3 = mardi (ma)
[fr] French (français): day 4 = mercredi (me)
[fr] French (français): day 5 = jeudi (je)
[fr] French (français): day 6 = vendredi (ve)
[fr] French (français): day 7 = samedi (sa)
[fr] French (français): month 01 = janvier (jan)
[fr] French (français): month 02 = février (fév)
[fr] French (français): month 03 = mars (mar)
[fr] French (français): month 04 = avril (avr)
[fr] French (français): month 05 = mai (mai)
[fr] French (français): month 06 = juin (jui)
[fr] French (français): month 07 = juillet (jui)
[fr] French (français): month 08 = août (aoû)
[fr] French (français): month 09 = septembre (sep)
[fr] French (français): month 10 = octobre (oct)
[fr] French (français): month 11 = novembre (nov)
[fr] French (français): month 12 = décembre (déc)
########################################################################
[ga] Irish (Gaeilge): day 1 = Dé Domhnaigh (Dé)
[ga] Irish (Gaeilge): day 2 = Dé Luain (Dé)
[ga] Irish (Gaeilge): day 3 = Dé Máirt (Dé)
[ga] Irish (Gaeilge): day 4 = Dé Céadaoin (Dé)
[ga] Irish (Gaeilge): day 5 = Déardaoin (Dé)
[ga] Irish (Gaeilge): day 6 = Dé hAoine (Dé)
[ga] Irish (Gaeilge): day 7 = Dé Sathairn (Dé)
[ga] Irish (Gaeilge): month 01 = Eanáir (Ean)
[ga] Irish (Gaeilge): month 02 = Feabhra (Fea)
[ga] Irish (Gaeilge): month 03 = Márta (Már)
[ga] Irish (Gaeilge): month 04 = Aibreán (Aib)
[ga] Irish (Gaeilge): month 05 = Bealtaine (Bea)
[ga] Irish (Gaeilge): month 06 = Meitheamh (Mei)
[ga] Irish (Gaeilge): month 07 = Iúil (Iúi)
[ga] Irish (Gaeilge): month 08 = Lúnasa (Lún)
[ga] Irish (Gaeilge): month 09 = Meán Fómhair (Meá)
[ga] Irish (Gaeilge): month 10 = Deireadh Fómhair (Dei)
[ga] Irish (Gaeilge): month 11 = Samhain (Sam)
[ga] Irish (Gaeilge): month 12 = Nollaig (Nol)
########################################################################
[it] Italian (italiano): day 1 = domenica (do)
[it] Italian (italiano): day 2 = lunedì (lu)
[it] Italian (italiano): day 3 = martedì (ma)
[it] Italian (italiano): day 4 = mercoledì (me)
[it] Italian (italiano): day 5 = giovedì (gi)
[it] Italian (italiano): day 6 = venerdì (ve)
[it] Italian (italiano): day 7 = sabato (sa)
[it] Italian (italiano): month 01 = gennaio (gen)
[it] Italian (italiano): month 02 = febbraio (feb)
[it] Italian (italiano): month 03 = marzo (mar)
[it] Italian (italiano): month 04 = aprile (apr)
[it] Italian (italiano): month 05 = maggio (mag)
[it] Italian (italiano): month 06 = giugno (giu)
[it] Italian (italiano): month 07 = luglio (lug)
[it] Italian (italiano): month 08 = agosto (ago)
[it] Italian (italiano): month 09 = settembre (set)
[it] Italian (italiano): month 10 = ottobre (ott)
[it] Italian (italiano): month 11 = novembre (nov)
[it] Italian (italiano): month 12 = dicembre (dic)
########################################################################
[nl] Dutch (Nederlands): day 1 = zondag (zo)
[nl] Dutch (Nederlands): day 2 = maandag (ma)
[nl] Dutch (Nederlands): day 3 = dinsdag (di)
[nl] Dutch (Nederlands): day 4 = woensdag (wo)
[nl] Dutch (Nederlands): day 5 = donderdag (do)
[nl] Dutch (Nederlands): day 6 = vrijdag (vr)
[nl] Dutch (Nederlands): day 7 = zaterdag (za)
[nl] Dutch (Nederlands): month 01 = januari (jan)
[nl] Dutch (Nederlands): month 02 = februari (feb)
[nl] Dutch (Nederlands): month 03 = maart (maa)
[nl] Dutch (Nederlands): month 04 = april (apr)
[nl] Dutch (Nederlands): month 05 = mei (mei)
[nl] Dutch (Nederlands): month 06 = juni (jun)
[nl] Dutch (Nederlands): month 07 = juli (jul)
[nl] Dutch (Nederlands): month 08 = augustus (aug)
[nl] Dutch (Nederlands): month 09 = september (sep)
[nl] Dutch (Nederlands): month 10 = oktober (okt)
[nl] Dutch (Nederlands): month 11 = november (nov)
[nl] Dutch (Nederlands): month 12 = december (dec)
########################################################################
[no] Norwegian (norsk): day 1 = søndag (sø)
[no] Norwegian (norsk): day 2 = mandag (ma)
[no] Norwegian (norsk): day 3 = tirsdag (ti)
[no] Norwegian (norsk): day 4 = onsdag (on)
[no] Norwegian (norsk): day 5 = torsdag (to)
[no] Norwegian (norsk): day 6 = fredag (fr)
[no] Norwegian (norsk): day 7 = lørdag (lø)
[no] Norwegian (norsk): month 01 = januar (jan)
[no] Norwegian (norsk): month 02 = februar (feb)
[no] Norwegian (norsk): month 03 = mars (mar)
[no] Norwegian (norsk): month 04 = april (apr)
[no] Norwegian (norsk): month 05 = mai (mai)
[no] Norwegian (norsk): month 06 = juni (jun)
[no] Norwegian (norsk): month 07 = juli (jul)
[no] Norwegian (norsk): month 08 = august (aug)
[no] Norwegian (norsk): month 09 = september (sep)
[no] Norwegian (norsk): month 10 = oktober (okt)
[no] Norwegian (norsk): month 11 = november (nov)
[no] Norwegian (norsk): month 12 = desember (des)
########################################################################
[pt] Portuguese (português): day 1 = Domingo (Do)
[pt] Portuguese (português): day 2 = Segunda-feira (Se)
[pt] Portuguese (português): day 3 = Terça-feira (Te)
[pt] Portuguese (português): day 4 = Quarta-feira (Qu)
[pt] Portuguese (português): day 5 = Quinta-feira (Qu)
[pt] Portuguese (português): day 6 = Sexta-feira (Se)
[pt] Portuguese (português): day 7 = Sábado (Sá)
[pt] Portuguese (português): month 01 = Janeiro (Jan)
[pt] Portuguese (português): month 02 = Fevereiro (Fev)
[pt] Portuguese (português): month 03 = Março (Mar)
[pt] Portuguese (português): month 04 = Abril (Abr)
[pt] Portuguese (português): month 05 = Maio (Mai)
[pt] Portuguese (português): month 06 = Junho (Jun)
[pt] Portuguese (português): month 07 = Julho (Jul)
[pt] Portuguese (português): month 08 = Agosto (Ago)
[pt] Portuguese (português): month 09 = Setembro (Set)
[pt] Portuguese (português): month 10 = Outubro (Out)
[pt] Portuguese (português): month 11 = Novembro (Nov)
[pt] Portuguese (português): month 12 = Dezembro (Dez)
########################################################################
[sv] Swedish (svenska): day 1 = söndag (sö)
[sv] Swedish (svenska): day 2 = måndag (må)
[sv] Swedish (svenska): day 3 = tisdag (ti)
[sv] Swedish (svenska): day 4 = onsdag (on)
[sv] Swedish (svenska): day 5 = torsdag (to)
[sv] Swedish (svenska): day 6 = fredag (fr)
[sv] Swedish (svenska): day 7 = lördag (lö)
[sv] Swedish (svenska): month 01 = januari (jan)
[sv] Swedish (svenska): month 02 = februari (feb)
[sv] Swedish (svenska): month 03 = mars (mar)
[sv] Swedish (svenska): month 04 = april (apr)
[sv] Swedish (svenska): month 05 = maj (maj)
[sv] Swedish (svenska): month 06 = juni (jun)
[sv] Swedish (svenska): month 07 = juli (jul)
[sv] Swedish (svenska): month 08 = augusti (aug)
[sv] Swedish (svenska): month 09 = september (sep)
[sv] Swedish (svenska): month 10 = oktober (okt)
[sv] Swedish (svenska): month 11 = november (nov)
[sv] Swedish (svenska): month 12 = december (dec)
